#
# There is insufficient memory for the Java Runtime Environment to continue.
# Native memory allocation (malloc) failed to allocate 79691776 bytes for committing reserved memory.
# Possible reasons:
#   The system is out of physical RAM or swap space
#   In 32 bit mode, the process size limit was hit
# Possible solutions:
#   Reduce memory load on the system
#   Increase physical memory or swap space
#   Check if swap backing store is full
#   Use 64 bit Java on a 64 bit OS
#   Decrease Java heap size (-Xmx/-Xms)
#   Decrease number of Java threads
#   Decrease Java thread stack sizes (-Xss)
#   Set larger code cache with -XX:ReservedCodeCacheSize=
# This output file may be truncated or incomplete.
#
#  Out of Memory Error (os_linux.cpp:2809), pid=4702, tid=140457053714176
#
# JRE version: OpenJDK Runtime Environment (7.0_79-b14) (build 1.7.0_79-b14)
# Java VM: OpenJDK 64-Bit Server VM (24.79-b02 mixed mode linux-amd64 compressed oops)
# Derivative: IcedTea 2.5.5
# Distribution: Ubuntu 14.04 LTS, package 7u79-2.5.5-0ubuntu0.14.04.2
# Failed to write core dump. Core dumps have been disabled. To enable core dumping, try "ulimit -c unlimited" before starting Java again
#

---------------  T H R E A D  ---------------

Current thread (0x00007fbeb00f8000):  VMThread [stack: 0x00007fbeb4baf000,0x00007fbeb4cb0000] [id=4714]

Stack: [0x00007fbeb4baf000,0x00007fbeb4cb0000],  sp=0x00007fbeb4cae490,  free space=1021k
Native frames: (J=compiled Java code, j=interpreted, Vv=VM code, C=native code)
V  [libjvm.so+0x94aec5]  VMError::report_and_die()+0x175
V  [libjvm.so+0x48b9c4]  report_vm_out_of_memory(char const*, int, unsigned long, char const*)+0x74
V  [libjvm.so+0x7c806b]  os::pd_commit_memory(char*, unsigned long, unsigned long, bool)+0xeb
V  [libjvm.so+0x7c2b0f]  os::commit_memory(char*, unsigned long, unsigned long, bool)+0x1f
V  [libjvm.so+0x83500b]  PSVirtualSpace::expand_by(unsigned long)+0x5b
V  [libjvm.so+0x835e60]  PSYoungGen::resize_generation(unsigned long, unsigned long)+0xb0
V  [libjvm.so+0x83654b]  PSYoungGen::resize(unsigned long, unsigned long)+0x1b
V  [libjvm.so+0x832830]  PSScavenge::invoke_no_policy()+0xde0
V  [libjvm.so+0x833008]  PSScavenge::invoke()+0x38
V  [libjvm.so+0x7e96f3]  ParallelScavengeHeap::failed_mem_allocate(unsigned long)+0x63
V  [libjvm.so+0x94c8c4]  VM_ParallelGCFailedAllocation::doit()+0x84
V  [libjvm.so+0x950dc7]  VM_Operation::evaluate()+0x47
V  [libjvm.so+0x94f738]  VMThread::evaluate_operation(VM_Operation*)+0x318
V  [libjvm.so+0x94fb99]  VMThread::loop()+0x219
V  [libjvm.so+0x94ffe2]  VMThread::run()+0x72
V  [libjvm.so+0x7c4f32]  java_start(Thread*)+0xf2

VM_Operation (0x00007fbeb9590310): ParallelGCFailedAllocation, mode: safepoint, requested by thread 0x00007fbeb000a000


---------------  P R O C E S S  ---------------

Java Threads: ( => current thread )
  0x00007fbeb0131800 JavaThread "Service Thread" daemon [_thread_blocked, id=4720, stack(0x00007fbeaa8ce000,0x00007fbeaa9cf000)]
  0x00007fbeb012f000 JavaThread "C2 CompilerThread1" daemon [_thread_blocked, id=4719, stack(0x00007fbeaa9cf000,0x00007fbeaaad0000)]
  0x00007fbeb012c000 JavaThread "C2 CompilerThread0" daemon [_thread_blocked, id=4718, stack(0x00007fbeb40c9000,0x00007fbeb41ca000)]
  0x00007fbeb012a000 JavaThread "Signal Dispatcher" daemon [_thread_blocked, id=4717, stack(0x00007fbeb41ca000,0x00007fbeb42cb000)]
  0x00007fbeb00fe800 JavaThread "Finalizer" daemon [_thread_blocked, id=4716, stack(0x00007fbeb49ad000,0x00007fbeb4aae000)]
  0x00007fbeb00fc800 JavaThread "Reference Handler" daemon [_thread_blocked, id=4715, stack(0x00007fbeb4aae000,0x00007fbeb4baf000)]
  0x00007fbeb000a000 JavaThread "main" [_thread_blocked, id=4711, stack(0x00007fbeb9491000,0x00007fbeb9592000)]

Other Threads:
=>0x00007fbeb00f8000 VMThread [stack: 0x00007fbeb4baf000,0x00007fbeb4cb0000] [id=4714]
  0x00007fbeb013c000 WatcherThread [stack: 0x00007fbeaa7cd000,0x00007fbeaa8ce000] [id=4721]

VM state:at safepoint (normal execution)

VM Mutex/Monitor currently owned by a thread:  ([mutex/lock_event])
[0x00007fbeb0006670] Threads_lock - owner thread: 0x00007fbeb00f8000
[0x00007fbeb0006b70] Heap_lock - owner thread: 0x00007fbeb000a000

Heap
 PSYoungGen      total 137216K, used 14305K [0x00000000eaa80000, 0x00000000f3e80000, 0x0000000100000000)
  eden space 122880K, 0% used [0x00000000eaa80000,0x00000000eaa80000,0x00000000f2280000)
  from space 14336K, 99% used [0x00000000f2280000,0x00000000f3078578,0x00000000f3080000)
  to   space 13824K, 0% used [0x00000000f3100000,0x00000000f3100000,0x00000000f3e80000)
 ParOldGen       total 40960K, used 31502K [0x00000000c0000000, 0x00000000c2800000, 0x00000000eaa80000)
  object space 40960K, 76% used [0x00000000c0000000,0x00000000c1ec3b68,0x00000000c2800000)
 PSPermGen       total 21504K, used 6657K [0x00000000b5a00000, 0x00000000b6f00000, 0x00000000c0000000)
  object space 21504K, 30% used [0x00000000b5a00000,0x00000000b60805f0,0x00000000b6f00000)

Card table byte_map: [0x00007fbeb5e82000,0x00007fbeb60d6000] byte_map_base: 0x00007fbeb58d5000

Polling page: 0x00007fbeb95b3000

Code Cache  [0x00007fbead000000, 0x00007fbead270000, 0x00007fbeb0000000)
 total_blobs=845 nmethods=598 adapters=201 free_code_cache=47437Kb largest_free_block=48543296

Compilation events (10 events):
Event: 5.856 Thread 0x00007fbeb012c000  601             com.android.dx.io.instructions.InstructionCodec$11::decode (38 bytes)
Event: 5.858 Thread 0x00007fbeb012f000  602             com.android.dx.io.instructions.InstructionCodec$11::encode (22 bytes)
Event: 5.860 Thread 0x00007fbeb012f000 nmethod 602 0x00007fbead1b0d10 code [0x00007fbead1b0e80, 0x00007fbead1b1078]
Event: 5.861 Thread 0x00007fbeb012c000 nmethod 601 0x00007fbead1ae310 code [0x00007fbead1ae460, 0x00007fbead1ae618]
Event: 5.981 Thread 0x00007fbeb012f000  603             com.android.dx.io.instructions.ShortArrayCodeOutput::writeInt (16 bytes)
Event: 5.982 Thread 0x00007fbeb012f000 nmethod 603 0x00007fbead1b09d0 code [0x00007fbead1b0b20, 0x00007fbead1b0c18]
Event: 5.984 Thread 0x00007fbeb012c000  605             com.android.dx.merge.DexMerger::transformEncodedCatchHandler (105 bytes)
Event: 5.991 Thread 0x00007fbeb012f000  604             com.android.dex.Dex$Section::readCatchHandler (82 bytes)
Event: 6.007 Thread 0x00007fbeb012c000 nmethod 605 0x00007fbead1b1c10 code [0x00007fbead1b1de0, 0x00007fbead1b2448]
Event: 6.022 Thread 0x00007fbeb012f000 nmethod 604 0x00007fbead1afc50 code [0x00007fbead1afe00, 0x00007fbead1b0468]

GC Heap History (10 events):
Event: 3.990 GC heap after
Heap after GC invocations=4 (full 0):
 PSYoungGen      total 33280K, used 2546K [0x00000000eaa80000, 0x00000000ecd80000, 0x0000000100000000)
  eden space 30720K, 0% used [0x00000000eaa80000,0x00000000eaa80000,0x00000000ec880000)
  from space 2560K, 99% used [0x00000000ecb00000,0x00000000ecd7ca38,0x00000000ecd80000)
  to   space 2560K, 0% used [0x00000000ec880000,0x00000000ec880000,0x00000000ecb00000)
 ParOldGen       total 40960K, used 16322K [0x00000000c0000000, 0x00000000c2800000, 0x00000000eaa80000)
  object space 40960K, 39% used [0x00000000c0000000,0x00000000c0ff0b98,0x00000000c2800000)
 PSPermGen       total 21504K, used 6359K [0x00000000b5a00000, 0x00000000b6f00000, 0x00000000c0000000)
  object space 21504K, 29% used [0x00000000b5a00000,0x00000000b6035f48,0x00000000b6f00000)
}
Event: 4.551 GC heap before
{Heap before GC invocations=5 (full 0):
 PSYoungGen      total 33280K, used 33266K [0x00000000eaa80000, 0x00000000ecd80000, 0x0000000100000000)
  eden space 30720K, 100% used [0x00000000eaa80000,0x00000000ec880000,0x00000000ec880000)
  from space 2560K, 99% used [0x00000000ecb00000,0x00000000ecd7ca38,0x00000000ecd80000)
  to   space 2560K, 0% used [0x00000000ec880000,0x00000000ec880000,0x00000000ecb00000)
 ParOldGen       total 40960K, used 16322K [0x00000000c0000000, 0x00000000c2800000, 0x00000000eaa80000)
  object space 40960K, 39% used [0x00000000c0000000,0x00000000c0ff0b98,0x00000000c2800000)
 PSPermGen       total 21504K, used 6623K [0x00000000b5a00000, 0x00000000b6f00000, 0x00000000c0000000)
  object space 21504K, 30% used [0x00000000b5a00000,0x00000000b6077dd0,0x00000000b6f00000)
Event: 4.571 GC heap after
Heap after GC invocations=5 (full 0):
 PSYoungGen      total 33280K, used 2550K [0x00000000eaa80000, 0x00000000f0280000, 0x0000000100000000)
  eden space 30720K, 0% used [0x00000000eaa80000,0x00000000eaa80000,0x00000000ec880000)
  from space 2560K, 99% used [0x00000000ec880000,0x00000000ecafd820,0x00000000ecb00000)
  to   space 14336K, 0% used [0x00000000ef480000,0x00000000ef480000,0x00000000f0280000)
 ParOldGen       total 40960K, used 24370K [0x00000000c0000000, 0x00000000c2800000, 0x00000000eaa80000)
  object space 40960K, 59% used [0x00000000c0000000,0x00000000c17cca88,0x00000000c2800000)
 PSPermGen       total 21504K, used 6623K [0x00000000b5a00000, 0x00000000b6f00000, 0x00000000c0000000)
  object space 21504K, 30% used [0x00000000b5a00000,0x00000000b6077dd0,0x00000000b6f00000)
}
Event: 4.978 GC heap before
{Heap before GC invocations=6 (full 0):
 PSYoungGen      total 33280K, used 33270K [0x00000000eaa80000, 0x00000000f0280000, 0x0000000100000000)
  eden space 30720K, 100% used [0x00000000eaa80000,0x00000000ec880000,0x00000000ec880000)
  from space 2560K, 99% used [0x00000000ec880000,0x00000000ecafd820,0x00000000ecb00000)
  to   space 14336K, 0% used [0x00000000ef480000,0x00000000ef480000,0x00000000f0280000)
 ParOldGen       total 40960K, used 24370K [0x00000000c0000000, 0x00000000c2800000, 0x00000000eaa80000)
  object space 40960K, 59% used [0x00000000c0000000,0x00000000c17cca88,0x00000000c2800000)
 PSPermGen       total 21504K, used 6635K [0x00000000b5a00000, 0x00000000b6f00000, 0x00000000c0000000)
  object space 21504K, 30% used [0x00000000b5a00000,0x00000000b607aee8,0x00000000b6f00000)
Event: 5.020 GC heap after
Heap after GC invocations=6 (full 0):
 PSYoungGen      total 73728K, used 6150K [0x00000000eaa80000, 0x00000000f0080000, 0x0000000100000000)
  eden space 61440K, 0% used [0x00000000eaa80000,0x00000000eaa80000,0x00000000ee680000)
  from space 12288K, 50% used [0x00000000ef480000,0x00000000efa818f8,0x00000000f0080000)
  to   space 13312K, 0% used [0x00000000ee680000,0x00000000ee680000,0x00000000ef380000)
 ParOldGen       total 40960K, used 24370K [0x00000000c0000000, 0x00000000c2800000, 0x00000000eaa80000)
  object space 40960K, 59% used [0x00000000c0000000,0x00000000c17cca88,0x00000000c2800000)
 PSPermGen       total 21504K, used 6635K [0x00000000b5a00000, 0x00000000b6f00000, 0x00000000c0000000)
  object space 21504K, 30% used [0x00000000b5a00000,0x00000000b607aee8,0x00000000b6f00000)
}
Event: 5.278 GC heap before
{Heap before GC invocations=7 (full 0):
 PSYoungGen      total 73728K, used 67590K [0x00000000eaa80000, 0x00000000f0080000, 0x0000000100000000)
  eden space 61440K, 100% used [0x00000000eaa80000,0x00000000ee680000,0x00000000ee680000)
  from space 12288K, 50% used [0x00000000ef480000,0x00000000efa818f8,0x00000000f0080000)
  to   space 13312K, 0% used [0x00000000ee680000,0x00000000ee680000,0x00000000ef380000)
 ParOldGen       total 40960K, used 24370K [0x00000000c0000000, 0x00000000c2800000, 0x00000000eaa80000)
  object space 40960K, 59% used [0x00000000c0000000,0x00000000c17cca88,0x00000000c2800000)
 PSPermGen       total 21504K, used 6643K [0x00000000b5a00000, 0x00000000b6f00000, 0x00000000c0000000)
  object space 21504K, 30% used [0x00000000b5a00000,0x00000000b607cf28,0x00000000b6f00000)
Event: 5.303 GC heap after
Heap after GC invocations=7 (full 0):
 PSYoungGen      total 74752K, used 11401K [0x00000000eaa80000, 0x00000000f3f80000, 0x0000000100000000)
  eden space 61440K, 0% used [0x00000000eaa80000,0x00000000eaa80000,0x00000000ee680000)
  from space 13312K, 85% used [0x00000000ee680000,0x00000000ef1a24c8,0x00000000ef380000)
  to   space 14848K, 0% used [0x00000000f3100000,0x00000000f3100000,0x00000000f3f80000)
 ParOldGen       total 40960K, used 29878K [0x00000000c0000000, 0x00000000c2800000, 0x00000000eaa80000)
  object space 40960K, 72% used [0x00000000c0000000,0x00000000c1d2d990,0x00000000c2800000)
 PSPermGen       total 21504K, used 6643K [0x00000000b5a00000, 0x00000000b6f00000, 0x00000000c0000000)
  object space 21504K, 30% used [0x00000000b5a00000,0x00000000b607cf28,0x00000000b6f00000)
}
Event: 5.533 GC heap before
{Heap before GC invocations=8 (full 0):
 PSYoungGen      total 74752K, used 72841K [0x00000000eaa80000, 0x00000000f3f80000, 0x0000000100000000)
  eden space 61440K, 100% used [0x00000000eaa80000,0x00000000ee680000,0x00000000ee680000)
  from space 13312K, 85% used [0x00000000ee680000,0x00000000ef1a24c8,0x00000000ef380000)
  to   space 14848K, 0% used [0x00000000f3100000,0x00000000f3100000,0x00000000f3f80000)
 ParOldGen       total 40960K, used 29878K [0x00000000c0000000, 0x00000000c2800000, 0x00000000eaa80000)
  object space 40960K, 72% used [0x00000000c0000000,0x00000000c1d2d990,0x00000000c2800000)
 PSPermGen       total 21504K, used 6651K [0x00000000b5a00000, 0x00000000b6f00000, 0x00000000c0000000)
  object space 21504K, 30% used [0x00000000b5a00000,0x00000000b607ee60,0x00000000b6f00000)
Event: 5.548 GC heap after
Heap after GC invocations=8 (full 0):
 PSYoungGen      total 136704K, used 8043K [0x00000000eaa80000, 0x00000000f3e80000, 0x0000000100000000)
  eden space 122880K, 0% used [0x00000000eaa80000,0x00000000eaa80000,0x00000000f2280000)
  from space 13824K, 58% used [0x00000000f3100000,0x00000000f38dacd0,0x00000000f3e80000)
  to   space 14336K, 0% used [0x00000000f2280000,0x00000000f2280000,0x00000000f3080000)
 ParOldGen       total 40960K, used 30843K [0x00000000c0000000, 0x00000000c2800000, 0x00000000eaa80000)
  object space 40960K, 75% used [0x00000000c0000000,0x00000000c1e1ecb8,0x00000000c2800000)
 PSPermGen       total 21504K, used 6651K [0x00000000b5a00000, 0x00000000b6f00000, 0x00000000c0000000)
  object space 21504K, 30% used [0x00000000b5a00000,0x00000000b607ee60,0x00000000b6f00000)
}
Event: 6.037 GC heap before
{Heap before GC invocations=9 (full 0):
 PSYoungGen      total 136704K, used 130923K [0x00000000eaa80000, 0x00000000f3e80000, 0x0000000100000000)
  eden space 122880K, 100% used [0x00000000eaa80000,0x00000000f2280000,0x00000000f2280000)
  from space 13824K, 58% used [0x00000000f3100000,0x00000000f38dacd0,0x00000000f3e80000)
  to   space 14336K, 0% used [0x00000000f2280000,0x00000000f2280000,0x00000000f3080000)
 ParOldGen       total 40960K, used 30843K [0x00000000c0000000, 0x00000000c2800000, 0x00000000eaa80000)
  object space 40960K, 75% used [0x00000000c0000000,0x00000000c1e1ecb8,0x00000000c2800000)
 PSPermGen       total 21504K, used 6657K [0x00000000b5a00000, 0x00000000b6f00000, 0x00000000c0000000)
  object space 21504K, 30% used [0x00000000b5a00000,0x00000000b60805f0,0x00000000b6f00000)

Deoptimization events (10 events):
Event: 5.135 Thread 0x00007fbeb000a000 Uncommon trap: reason=array_check action=maybe_recompile pc=0x00007fbead17910c method=java.util.TimSort.binarySort([Ljava/lang/Object;IIILjava/util/Comparator;)V @ 215
Event: 5.135 Thread 0x00007fbeb000a000 Uncommon trap: reason=array_check action=maybe_recompile pc=0x00007fbead17910c method=java.util.TimSort.binarySort([Ljava/lang/Object;IIILjava/util/Comparator;)V @ 215
Event: 5.135 Thread 0x00007fbeb000a000 Uncommon trap: reason=array_check action=maybe_recompile pc=0x00007fbead1791fc method=java.util.TimSort.binarySort([Ljava/lang/Object;IIILjava/util/Comparator;)V @ 193
Event: 5.135 Thread 0x00007fbeb000a000 Uncommon trap: reason=array_check action=maybe_recompile pc=0x00007fbead17910c method=java.util.TimSort.binarySort([Ljava/lang/Object;IIILjava/util/Comparator;)V @ 215
Event: 5.270 Thread 0x00007fbeb000a000 Uncommon trap: reason=array_check action=maybe_recompile pc=0x00007fbead14c048 method=java.util.ComparableTimSort.binarySort([Ljava/lang/Object;III)V @ 193
Event: 5.338 Thread 0x00007fbeb000a000 Uncommon trap: reason=array_check action=maybe_recompile pc=0x00007fbead1833cc method=java.util.TimSort.binarySort([Ljava/lang/Object;IIILjava/util/Comparator;)V @ 183
Event: 5.467 Thread 0x00007fbeb000a000 Uncommon trap: reason=array_check action=maybe_recompile pc=0x00007fbead18656c method=java.util.TimSort.binarySort([Ljava/lang/Object;IIILjava/util/Comparator;)V @ 183
Event: 5.468 Thread 0x00007fbeb000a000 Uncommon trap: reason=array_check action=maybe_recompile pc=0x00007fbead1833cc method=java.util.TimSort.binarySort([Ljava/lang/Object;IIILjava/util/Comparator;)V @ 183
Event: 5.574 Thread 0x00007fbeb000a000 Uncommon trap: reason=array_check action=maybe_recompile pc=0x00007fbead14c048 method=java.util.ComparableTimSort.binarySort([Ljava/lang/Object;III)V @ 193
Event: 5.788 Thread 0x00007fbeb000a000 Uncommon trap: reason=array_check action=maybe_recompile pc=0x00007fbead14c048 method=java.util.ComparableTimSort.binarySort([Ljava/lang/Object;III)V @ 193

Internal exceptions (10 events):
Event: 3.675 Thread 0x00007fbeb000a000 Threw 0x00000000eafbd970 at /build/buildd/openjdk-7-7u79-2.5.5/build/openjdk/hotspot/src/share/vm/prims/jvm.cpp:1284
Event: 3.676 Thread 0x00007fbeb000a000 Threw 0x00000000eafc1830 at /build/buildd/openjdk-7-7u79-2.5.5/build/openjdk/hotspot/src/share/vm/prims/jvm.cpp:1284
Event: 3.676 Thread 0x00007fbeb000a000 Threw 0x00000000eafc5828 at /build/buildd/openjdk-7-7u79-2.5.5/build/openjdk/hotspot/src/share/vm/prims/jvm.cpp:1284
Event: 3.678 Thread 0x00007fbeb000a000 Threw 0x00000000eafcba20 at /build/buildd/openjdk-7-7u79-2.5.5/build/openjdk/hotspot/src/share/vm/prims/jvm.cpp:1284
Event: 3.678 Thread 0x00007fbeb000a000 Threw 0x00000000eafcf720 at /build/buildd/openjdk-7-7u79-2.5.5/build/openjdk/hotspot/src/share/vm/prims/jvm.cpp:1284
Event: 3.679 Thread 0x00007fbeb000a000 Threw 0x00000000eafd3618 at /build/buildd/openjdk-7-7u79-2.5.5/build/openjdk/hotspot/src/share/vm/prims/jvm.cpp:1284
Event: 3.679 Thread 0x00007fbeb000a000 Threw 0x00000000eafd7270 at /build/buildd/openjdk-7-7u79-2.5.5/build/openjdk/hotspot/src/share/vm/prims/jvm.cpp:1284
Event: 3.682 Thread 0x00007fbeb000a000 Threw 0x00000000eafdecb0 at /build/buildd/openjdk-7-7u79-2.5.5/build/openjdk/hotspot/src/share/vm/prims/jvm.cpp:1284
Event: 3.683 Thread 0x00007fbeb000a000 Threw 0x00000000eafe1a80 at /build/buildd/openjdk-7-7u79-2.5.5/build/openjdk/hotspot/src/share/vm/prims/jvm.cpp:1284
Event: 3.922 Thread 0x00007fbeb000a000 Threw 0x00000000eb68aa20 at /build/buildd/openjdk-7-7u79-2.5.5/build/openjdk/hotspot/src/share/vm/prims/jvm.cpp:1284

Events (10 events):
Event: 5.468 Thread 0x00007fbeb000a000 DEOPT UNPACKING pc=0x00007fbead039045 sp=0x00007fbeb95903c8 mode 2
Event: 5.533 Executing VM operation: ParallelGCFailedAllocation
Event: 5.548 Executing VM operation: ParallelGCFailedAllocation done
Event: 5.574 Thread 0x00007fbeb000a000 Uncommon trap: trap_request=0xffffffd6 fr.pc=0x00007fbead14c048
Event: 5.574 Thread 0x00007fbeb000a000 DEOPT PACKING pc=0x00007fbead14c048 sp=0x00007fbeb9590450
Event: 5.574 Thread 0x00007fbeb000a000 DEOPT UNPACKING pc=0x00007fbead039045 sp=0x00007fbeb9590418 mode 2
Event: 5.788 Thread 0x00007fbeb000a000 Uncommon trap: trap_request=0xffffffd6 fr.pc=0x00007fbead14c048
Event: 5.788 Thread 0x00007fbeb000a000 DEOPT PACKING pc=0x00007fbead14c048 sp=0x00007fbeb9590450
Event: 5.788 Thread 0x00007fbeb000a000 DEOPT UNPACKING pc=0x00007fbead039045 sp=0x00007fbeb9590418 mode 2
Event: 6.037 Executing VM operation: ParallelGCFailedAllocation


Dynamic libraries:
00400000-00401000 r-xp 00000000 08:05 2629636                            /usr/lib/jvm/java-7-openjdk-amd64/jre/bin/java
00600000-00601000 r--p 00000000 08:05 2629636                            /usr/lib/jvm/java-7-openjdk-amd64/jre/bin/java
00601000-00602000 rw-p 00001000 08:05 2629636                            /usr/lib/jvm/java-7-openjdk-amd64/jre/bin/java
006a9000-006ca000 rw-p 00000000 00:00 0                                  [heap]
b5a00000-b6f00000 rw-p 00000000 00:00 0 
b6f00000-c0000000 rw-p 00000000 00:00 0 
c0000000-c2800000 rw-p 00000000 00:00 0 
c2800000-eaa80000 rw-p 00000000 00:00 0 
eaa80000-f3e80000 rw-p 00000000 00:00 0 
f8a80000-100000000 rw-p 00000000 00:00 0 
7fbe7c000000-7fbe7c021000 rw-p 00000000 00:00 0 
7fbe7c021000-7fbe80000000 ---p 00000000 00:00 0 
7fbe84000000-7fbe84882000 rw-p 00000000 00:00 0 
7fbe84882000-7fbe88000000 ---p 00000000 00:00 0 
7fbe88000000-7fbe88021000 rw-p 00000000 00:00 0 
7fbe88021000-7fbe8c000000 ---p 00000000 00:00 0 
7fbe8c000000-7fbe8c021000 rw-p 00000000 00:00 0 
7fbe8c021000-7fbe90000000 ---p 00000000 00:00 0 
7fbe90000000-7fbe90935000 rw-p 00000000 00:00 0 
7fbe90935000-7fbe94000000 ---p 00000000 00:00 0 
7fbe94000000-7fbe94021000 rw-p 00000000 00:00 0 
7fbe94021000-7fbe98000000 ---p 00000000 00:00 0 
7fbe98000000-7fbe98021000 rw-p 00000000 00:00 0 
7fbe98021000-7fbe9c000000 ---p 00000000 00:00 0 
7fbe9c000000-7fbe9c021000 rw-p 00000000 00:00 0 
7fbe9c021000-7fbea0000000 ---p 00000000 00:00 0 
7fbea0000000-7fbea00e0000 rw-p 00000000 00:00 0 
7fbea00e0000-7fbea4000000 ---p 00000000 00:00 0 
7fbea4000000-7fbea4021000 rw-p 00000000 00:00 0 
7fbea4021000-7fbea8000000 ---p 00000000 00:00 0 
7fbea8eee000-7fbea904f000 rw-p 00000000 00:00 0 
7fbea904f000-7fbea908c000 r-xp 00000000 08:05 2887794                    /lib/x86_64-linux-gnu/libpcre.so.3.13.1
7fbea908c000-7fbea928b000 ---p 0003d000 08:05 2887794                    /lib/x86_64-linux-gnu/libpcre.so.3.13.1
7fbea928b000-7fbea928c000 r--p 0003c000 08:05 2887794                    /lib/x86_64-linux-gnu/libpcre.so.3.13.1
7fbea928c000-7fbea928d000 rw-p 0003d000 08:05 2887794                    /lib/x86_64-linux-gnu/libpcre.so.3.13.1
7fbea928d000-7fbea9294000 r-xp 00000000 08:05 2499439                    /usr/lib/x86_64-linux-gnu/libffi.so.6.0.1
7fbea9294000-7fbea9493000 ---p 00007000 08:05 2499439                    /usr/lib/x86_64-linux-gnu/libffi.so.6.0.1
7fbea9493000-7fbea9494000 r--p 00006000 08:05 2499439                    /usr/lib/x86_64-linux-gnu/libffi.so.6.0.1
7fbea9494000-7fbea9495000 rw-p 00007000 08:05 2499439                    /usr/lib/x86_64-linux-gnu/libffi.so.6.0.1
7fbea9495000-7fbea94ac000 r-xp 00000000 08:05 2884590                    /lib/x86_64-linux-gnu/libresolv-2.19.so
7fbea94ac000-7fbea96ac000 ---p 00017000 08:05 2884590                    /lib/x86_64-linux-gnu/libresolv-2.19.so
7fbea96ac000-7fbea96ad000 r--p 00017000 08:05 2884590                    /lib/x86_64-linux-gnu/libresolv-2.19.so
7fbea96ad000-7fbea96ae000 rw-p 00018000 08:05 2884590                    /lib/x86_64-linux-gnu/libresolv-2.19.so
7fbea96ae000-7fbea96b0000 rw-p 00000000 00:00 0 
7fbea96b0000-7fbea96d0000 r-xp 00000000 08:05 2887821                    /lib/x86_64-linux-gnu/libselinux.so.1
7fbea96d0000-7fbea98cf000 ---p 00020000 08:05 2887821                    /lib/x86_64-linux-gnu/libselinux.so.1
7fbea98cf000-7fbea98d0000 r--p 0001f000 08:05 2887821                    /lib/x86_64-linux-gnu/libselinux.so.1
7fbea98d0000-7fbea98d1000 rw-p 00020000 08:05 2887821                    /lib/x86_64-linux-gnu/libselinux.so.1
7fbea98d1000-7fbea98d3000 rw-p 00000000 00:00 0 
7fbea98d3000-7fbea98d6000 r-xp 00000000 08:05 2499552                    /usr/lib/x86_64-linux-gnu/libgmodule-2.0.so.0.4002.0
7fbea98d6000-7fbea9ad5000 ---p 00003000 08:05 2499552                    /usr/lib/x86_64-linux-gnu/libgmodule-2.0.so.0.4002.0
7fbea9ad5000-7fbea9ad6000 r--p 00002000 08:05 2499552                    /usr/lib/x86_64-linux-gnu/libgmodule-2.0.so.0.4002.0
7fbea9ad6000-7fbea9ad7000 rw-p 00003000 08:05 2499552                    /usr/lib/x86_64-linux-gnu/libgmodule-2.0.so.0.4002.0
7fbea9ad7000-7fbea9bdd000 r-xp 00000000 08:05 2887722                    /lib/x86_64-linux-gnu/libglib-2.0.so.0.4002.0
7fbea9bdd000-7fbea9ddc000 ---p 00106000 08:05 2887722                    /lib/x86_64-linux-gnu/libglib-2.0.so.0.4002.0
7fbea9ddc000-7fbea9ddd000 r--p 00105000 08:05 2887722                    /lib/x86_64-linux-gnu/libglib-2.0.so.0.4002.0
7fbea9ddd000-7fbea9dde000 rw-p 00106000 08:05 2887722                    /lib/x86_64-linux-gnu/libglib-2.0.so.0.4002.0
7fbea9dde000-7fbea9ddf000 rw-p 00000000 00:00 0 
7fbea9ddf000-7fbea9e2e000 r-xp 00000000 08:05 2499568                    /usr/lib/x86_64-linux-gnu/libgobject-2.0.so.0.4002.0
7fbea9e2e000-7fbeaa02e000 ---p 0004f000 08:05 2499568                    /usr/lib/x86_64-linux-gnu/libgobject-2.0.so.0.4002.0
7fbeaa02e000-7fbeaa02f000 r--p 0004f000 08:05 2499568                    /usr/lib/x86_64-linux-gnu/libgobject-2.0.so.0.4002.0
7fbeaa02f000-7fbeaa030000 rw-p 00050000 08:05 2499568                    /usr/lib/x86_64-linux-gnu/libgobject-2.0.so.0.4002.0
7fbeaa030000-7fbeaa19c000 r-xp 00000000 08:05 2499540                    /usr/lib/x86_64-linux-gnu/libgio-2.0.so.0.4002.0
7fbeaa19c000-7fbeaa39b000 ---p 0016c000 08:05 2499540                    /usr/lib/x86_64-linux-gnu/libgio-2.0.so.0.4002.0
7fbeaa39b000-7fbeaa39f000 r--p 0016b000 08:05 2499540                    /usr/lib/x86_64-linux-gnu/libgio-2.0.so.0.4002.0
7fbeaa39f000-7fbeaa3a1000 rw-p 0016f000 08:05 2499540                    /usr/lib/x86_64-linux-gnu/libgio-2.0.so.0.4002.0
7fbeaa3a1000-7fbeaa3a3000 rw-p 00000000 00:00 0 
7fbeaa3a3000-7fbeaa3ba000 r-xp 00000000 08:05 2760803                    /usr/lib/jvm/java-7-openjdk-amd64/jre/lib/amd64/libnet.so
7fbeaa3ba000-7fbeaa5b9000 ---p 00017000 08:05 2760803                    /usr/lib/jvm/java-7-openjdk-amd64/jre/lib/amd64/libnet.so
7fbeaa5b9000-7fbeaa5ba000 r--p 00016000 08:05 2760803                    /usr/lib/jvm/java-7-openjdk-amd64/jre/lib/amd64/libnet.so
7fbeaa5ba000-7fbeaa5bb000 rw-p 00017000 08:05 2760803                    /usr/lib/jvm/java-7-openjdk-amd64/jre/lib/amd64/libnet.so
7fbeaa5bb000-7fbeaa5cb000 r-xp 00000000 08:05 2760789                    /usr/lib/jvm/java-7-openjdk-amd64/jre/lib/amd64/libnio.so
7fbeaa5cb000-7fbeaa7cb000 ---p 00010000 08:05 2760789                    /usr/lib/jvm/java-7-openjdk-amd64/jre/lib/amd64/libnio.so
7fbeaa7cb000-7fbeaa7cc000 r--p 00010000 08:05 2760789                    /usr/lib/jvm/java-7-openjdk-amd64/jre/lib/amd64/libnio.so
7fbeaa7cc000-7fbeaa7cd000 rw-p 00011000 08:05 2760789                    /usr/lib/jvm/java-7-openjdk-amd64/jre/lib/amd64/libnio.so
7fbeaa7cd000-7fbeaa7ce000 ---p 00000000 00:00 0 
7fbeaa7ce000-7fbeaa8ce000 rw-p 00000000 00:00 0                          [stack:4721]
7fbeaa8ce000-7fbeaa8d1000 ---p 00000000 00:00 0 
7fbeaa8d1000-7fbeaa9cf000 rw-p 00000000 00:00 0                          [stack:4720]
7fbeaa9cf000-7fbeaa9d2000 ---p 00000000 00:00 0 
7fbeaa9d2000-7fbead000000 rw-p 00000000 00:00 0                          [stack:4719]
7fbead000000-7fbead270000 rwxp 00000000 00:00 0 
7fbead270000-7fbeb0326000 rw-p 00000000 00:00 0 
7fbeb0326000-7fbeb4000000 ---p 00000000 00:00 0 
7fbeb40b6000-7fbeb40bb000 r--s 0004d000 08:05 2629681                    /usr/lib/jvm/java-7-openjdk-amd64/jre/lib/jsse.jar
7fbeb40bb000-7fbeb40c9000 r--s 000dc000 00:1a 4722254                    /home/chris/code/android-studio/android-sdk-linux/build-tools/21.1.1/lib/dx.jar
7fbeb40c9000-7fbeb40cc000 ---p 00000000 00:00 0 
7fbeb40cc000-7fbeb41ca000 rw-p 00000000 00:00 0                          [stack:4718]
7fbeb41ca000-7fbeb41cd000 ---p 00000000 00:00 0 
7fbeb41cd000-7fbeb42cb000 rw-p 00000000 00:00 0                          [stack:4717]
7fbeb42cb000-7fbeb49ad000 r--p 00000000 08:05 2497983                    /usr/lib/locale/locale-archive
7fbeb49ad000-7fbeb49b0000 ---p 00000000 00:00 0 
7fbeb49b0000-7fbeb4aae000 rw-p 00000000 00:00 0                          [stack:4716]
7fbeb4aae000-7fbeb4ab1000 ---p 00000000 00:00 0 
7fbeb4ab1000-7fbeb4baf000 rw-p 00000000 00:00 0                          [stack:4715]
7fbeb4baf000-7fbeb4bb0000 ---p 00000000 00:00 0 
7fbeb4bb0000-7fbeb5602000 rw-p 00000000 00:00 0                          [stack:4714]
7fbeb5602000-7fbeb57b3000 r--s 01d27000 08:05 2629678                    /usr/lib/jvm/java-7-openjdk-amd64/jre/lib/rt.jar
7fbeb57b3000-7fbeb5ad7000 rw-p 00000000 00:00 0 
7fbeb5ad7000-7fbeb5ad8000 ---p 00000000 00:00 0 
7fbeb5ad8000-7fbeb5bd8000 rw-p 00000000 00:00 0                          [stack:4713]
7fbeb5bd8000-7fbeb5bd9000 ---p 00000000 00:00 0 
7fbeb5bd9000-7fbeb5ce4000 rw-p 00000000 00:00 0                          [stack:4712]
7fbeb5ce4000-7fbeb5d2c000 rw-p 00000000 00:00 0 
7fbeb5d2c000-7fbeb5d40000 rw-p 00000000 00:00 0 
7fbeb5d40000-7fbeb5e82000 rw-p 00000000 00:00 0 
7fbeb5e82000-7fbeb5e8d000 rw-p 00000000 00:00 0 
7fbeb5e8d000-7fbeb5ed5000 rw-p 00000000 00:00 0 
7fbeb5ed5000-7fbeb5ee9000 rw-p 00000000 00:00 0 
7fbeb5ee9000-7fbeb602a000 rw-p 00000000 00:00 0 
7fbeb602a000-7fbeb6075000 rw-p 00000000 00:00 0 
7fbeb6075000-7fbeb60d5000 rw-p 00000000 00:00 0 
7fbeb60d5000-7fbeb60d6000 rw-p 00000000 00:00 0 
7fbeb60d6000-7fbeb60de000 r-xp 00000000 08:05 2760785                    /usr/lib/jvm/java-7-openjdk-amd64/jre/lib/amd64/libzip.so
7fbeb60de000-7fbeb62dd000 ---p 00008000 08:05 2760785                    /usr/lib/jvm/java-7-openjdk-amd64/jre/lib/amd64/libzip.so
7fbeb62dd000-7fbeb62de000 r--p 00007000 08:05 2760785                    /usr/lib/jvm/java-7-openjdk-amd64/jre/lib/amd64/libzip.so
7fbeb62de000-7fbeb62df000 rw-p 00008000 08:05 2760785                    /usr/lib/jvm/java-7-openjdk-amd64/jre/lib/amd64/libzip.so
7fbeb62df000-7fbeb62ea000 r-xp 00000000 08:05 2884594                    /lib/x86_64-linux-gnu/libnss_files-2.19.so
7fbeb62ea000-7fbeb64e9000 ---p 0000b000 08:05 2884594                    /lib/x86_64-linux-gnu/libnss_files-2.19.so
7fbeb64e9000-7fbeb64ea000 r--p 0000a000 08:05 2884594                    /lib/x86_64-linux-gnu/libnss_files-2.19.so
7fbeb64ea000-7fbeb64eb000 rw-p 0000b000 08:05 2884594                    /lib/x86_64-linux-gnu/libnss_files-2.19.so
7fbeb64eb000-7fbeb64f6000 r-xp 00000000 08:05 2890023                    /lib/x86_64-linux-gnu/libnss_nis-2.19.so
7fbeb64f6000-7fbeb66f5000 ---p 0000b000 08:05 2890023                    /lib/x86_64-linux-gnu/libnss_nis-2.19.so
7fbeb66f5000-7fbeb66f6000 r--p 0000a000 08:05 2890023                    /lib/x86_64-linux-gnu/libnss_nis-2.19.so
7fbeb66f6000-7fbeb66f7000 rw-p 0000b000 08:05 2890023                    /lib/x86_64-linux-gnu/libnss_nis-2.19.so
7fbeb66f7000-7fbeb670e000 r-xp 00000000 08:05 2890012                    /lib/x86_64-linux-gnu/libnsl-2.19.so
7fbeb670e000-7fbeb690d000 ---p 00017000 08:05 2890012                    /lib/x86_64-linux-gnu/libnsl-2.19.so
7fbeb690d000-7fbeb690e000 r--p 00016000 08:05 2890012                    /lib/x86_64-linux-gnu/libnsl-2.19.so
7fbeb690e000-7fbeb690f000 rw-p 00017000 08:05 2890012                    /lib/x86_64-linux-gnu/libnsl-2.19.so
7fbeb690f000-7fbeb6911000 rw-p 00000000 00:00 0 
7fbeb6911000-7fbeb691a000 r-xp 00000000 08:05 2890011                    /lib/x86_64-linux-gnu/libnss_compat-2.19.so
7fbeb691a000-7fbeb6b19000 ---p 00009000 08:05 2890011                    /lib/x86_64-linux-gnu/libnss_compat-2.19.so
7fbeb6b19000-7fbeb6b1a000 r--p 00008000 08:05 2890011                    /lib/x86_64-linux-gnu/libnss_compat-2.19.so
7fbeb6b1a000-7fbeb6b1b000 rw-p 00009000 08:05 2890011                    /lib/x86_64-linux-gnu/libnss_compat-2.19.so
7fbeb6b1b000-7fbeb6b46000 r-xp 00000000 08:05 2760802                    /usr/lib/jvm/java-7-openjdk-amd64/jre/lib/amd64/libjava.so
7fbeb6b46000-7fbeb6d46000 ---p 0002b000 08:05 2760802                    /usr/lib/jvm/java-7-openjdk-amd64/jre/lib/amd64/libjava.so
7fbeb6d46000-7fbeb6d47000 r--p 0002b000 08:05 2760802                    /usr/lib/jvm/java-7-openjdk-amd64/jre/lib/amd64/libjava.so
7fbeb6d47000-7fbeb6d49000 rw-p 0002c000 08:05 2760802                    /usr/lib/jvm/java-7-openjdk-amd64/jre/lib/amd64/libjava.so
7fbeb6d49000-7fbeb6d59000 r-xp 00000000 08:05 2760799                    /usr/lib/jvm/java-7-openjdk-amd64/jre/lib/amd64/libverify.so
7fbeb6d59000-7fbeb6f58000 ---p 00010000 08:05 2760799                    /usr/lib/jvm/java-7-openjdk-amd64/jre/lib/amd64/libverify.so
7fbeb6f58000-7fbeb6f5a000 r--p 0000f000 08:05 2760799                    /usr/lib/jvm/java-7-openjdk-amd64/jre/lib/amd64/libverify.so
7fbeb6f5a000-7fbeb6f5b000 rw-p 00011000 08:05 2760799                    /usr/lib/jvm/java-7-openjdk-amd64/jre/lib/amd64/libverify.so
7fbeb6f5b000-7fbeb6f62000 r-xp 00000000 08:05 2890020                    /lib/x86_64-linux-gnu/librt-2.19.so
7fbeb6f62000-7fbeb7161000 ---p 00007000 08:05 2890020                    /lib/x86_64-linux-gnu/librt-2.19.so
7fbeb7161000-7fbeb7162000 r--p 00006000 08:05 2890020                    /lib/x86_64-linux-gnu/librt-2.19.so
7fbeb7162000-7fbeb7163000 rw-p 00007000 08:05 2890020                    /lib/x86_64-linux-gnu/librt-2.19.so
7fbeb7163000-7fbeb7179000 r-xp 00000000 08:05 2887718                    /lib/x86_64-linux-gnu/libgcc_s.so.1
7fbeb7179000-7fbeb7378000 ---p 00016000 08:05 2887718                    /lib/x86_64-linux-gnu/libgcc_s.so.1
7fbeb7378000-7fbeb7379000 rw-p 00015000 08:05 2887718                    /lib/x86_64-linux-gnu/libgcc_s.so.1
7fbeb7379000-7fbeb747e000 r-xp 00000000 08:05 2884592                    /lib/x86_64-linux-gnu/libm-2.19.so
7fbeb747e000-7fbeb767d000 ---p 00105000 08:05 2884592                    /lib/x86_64-linux-gnu/libm-2.19.so
7fbeb767d000-7fbeb767e000 r--p 00104000 08:05 2884592                    /lib/x86_64-linux-gnu/libm-2.19.so
7fbeb767e000-7fbeb767f000 rw-p 00105000 08:05 2884592                    /lib/x86_64-linux-gnu/libm-2.19.so
7fbeb767f000-7fbeb7765000 r-xp 00000000 08:05 2500061                    /usr/lib/x86_64-linux-gnu/libstdc++.so.6.0.19
7fbeb7765000-7fbeb7964000 ---p 000e6000 08:05 2500061                    /usr/lib/x86_64-linux-gnu/libstdc++.so.6.0.19
7fbeb7964000-7fbeb796c000 r--p 000e5000 08:05 2500061                    /usr/lib/x86_64-linux-gnu/libstdc++.so.6.0.19
7fbeb796c000-7fbeb796e000 rw-p 000ed000 08:05 2500061                    /usr/lib/x86_64-linux-gnu/libstdc++.so.6.0.19
7fbeb796e000-7fbeb7983000 rw-p 00000000 00:00 0 
7fbeb7983000-7fbeb849b000 r-xp 00000000 08:05 2760808                    /usr/lib/jvm/java-7-openjdk-amd64/jre/lib/amd64/server/libjvm.so
7fbeb849b000-7fbeb869b000 ---p 00b18000 08:05 2760808                    /usr/lib/jvm/java-7-openjdk-amd64/jre/lib/amd64/server/libjvm.so
7fbeb869b000-7fbeb8735000 r--p 00b18000 08:05 2760808                    /usr/lib/jvm/java-7-openjdk-amd64/jre/lib/amd64/server/libjvm.so
7fbeb8735000-7fbeb8758000 rw-p 00bb2000 08:05 2760808                    /usr/lib/jvm/java-7-openjdk-amd64/jre/lib/amd64/server/libjvm.so
7fbeb8758000-7fbeb8786000 rw-p 00000000 00:00 0 
7fbeb8786000-7fbeb879e000 r-xp 00000000 08:05 2887854                    /lib/x86_64-linux-gnu/libz.so.1.2.8
7fbeb879e000-7fbeb899d000 ---p 00018000 08:05 2887854                    /lib/x86_64-linux-gnu/libz.so.1.2.8
7fbeb899d000-7fbeb899e000 r--p 00017000 08:05 2887854                    /lib/x86_64-linux-gnu/libz.so.1.2.8
7fbeb899e000-7fbeb899f000 rw-p 00018000 08:05 2887854                    /lib/x86_64-linux-gnu/libz.so.1.2.8
7fbeb899f000-7fbeb89b8000 r-xp 00000000 08:05 2890018                    /lib/x86_64-linux-gnu/libpthread-2.19.so
7fbeb89b8000-7fbeb8bb7000 ---p 00019000 08:05 2890018                    /lib/x86_64-linux-gnu/libpthread-2.19.so
7fbeb8bb7000-7fbeb8bb8000 r--p 00018000 08:05 2890018                    /lib/x86_64-linux-gnu/libpthread-2.19.so
7fbeb8bb8000-7fbeb8bb9000 rw-p 00019000 08:05 2890018                    /lib/x86_64-linux-gnu/libpthread-2.19.so
7fbeb8bb9000-7fbeb8bbd000 rw-p 00000000 00:00 0 
7fbeb8bbd000-7fbeb8bc0000 r-xp 00000000 08:05 2890006                    /lib/x86_64-linux-gnu/libdl-2.19.so
7fbeb8bc0000-7fbeb8dbf000 ---p 00003000 08:05 2890006                    /lib/x86_64-linux-gnu/libdl-2.19.so
7fbeb8dbf000-7fbeb8dc0000 r--p 00002000 08:05 2890006                    /lib/x86_64-linux-gnu/libdl-2.19.so
7fbeb8dc0000-7fbeb8dc1000 rw-p 00003000 08:05 2890006                    /lib/x86_64-linux-gnu/libdl-2.19.so
7fbeb8dc1000-7fbeb8f7c000 r-xp 00000000 08:05 2890017                    /lib/x86_64-linux-gnu/libc-2.19.so
7fbeb8f7c000-7fbeb917b000 ---p 001bb000 08:05 2890017                    /lib/x86_64-linux-gnu/libc-2.19.so
7fbeb917b000-7fbeb917f000 r--p 001ba000 08:05 2890017                    /lib/x86_64-linux-gnu/libc-2.19.so
7fbeb917f000-7fbeb9181000 rw-p 001be000 08:05 2890017                    /lib/x86_64-linux-gnu/libc-2.19.so
7fbeb9181000-7fbeb9186000 rw-p 00000000 00:00 0 
7fbeb9186000-7fbeb9193000 r-xp 00000000 08:05 2760777                    /usr/lib/jvm/java-7-openjdk-amd64/jre/lib/amd64/jli/libjli.so
7fbeb9193000-7fbeb9392000 ---p 0000d000 08:05 2760777                    /usr/lib/jvm/java-7-openjdk-amd64/jre/lib/amd64/jli/libjli.so
7fbeb9392000-7fbeb9393000 r--p 0000c000 08:05 2760777                    /usr/lib/jvm/java-7-openjdk-amd64/jre/lib/amd64/jli/libjli.so
7fbeb9393000-7fbeb9394000 rw-p 0000d000 08:05 2760777                    /usr/lib/jvm/java-7-openjdk-amd64/jre/lib/amd64/jli/libjli.so
7fbeb9394000-7fbeb93b7000 r-xp 00000000 08:05 2890014                    /lib/x86_64-linux-gnu/ld-2.19.so
7fbeb93b8000-7fbeb93db000 rw-p 00000000 00:00 0 
7fbeb93db000-7fbeb9491000 rw-p 00000000 00:00 0 
7fbeb9491000-7fbeb9494000 ---p 00000000 00:00 0 
7fbeb9494000-7fbeb9597000 rw-p 00000000 00:00 0                          [stack:4711]
7fbeb9597000-7fbeb959b000 r--s 00034000 08:05 2760815                    /usr/lib/jvm/java-7-openjdk-amd64/jre/lib/ext/sunjce_provider.jar
7fbeb959b000-7fbeb959e000 r--s 00086000 08:05 2760814                    /usr/lib/jvm/java-7-openjdk-amd64/jre/lib/ext/localedata.jar
7fbeb959e000-7fbeb95a0000 r--s 00006000 08:05 3154828                    /usr/share/java/java-atk-wrapper.jar
7fbeb95a0000-7fbeb95a2000 r--s 00012000 08:05 2760816                    /usr/lib/jvm/java-7-openjdk-amd64/jre/lib/ext/zipfs.jar
7fbeb95a2000-7fbeb95a5000 r--s 0000f000 08:05 2760811                    /usr/lib/jvm/java-7-openjdk-amd64/jre/lib/ext/icedtea-sound.jar
7fbeb95a5000-7fbeb95a9000 r--s 0003c000 08:05 2760813                    /usr/lib/jvm/java-7-openjdk-amd64/jre/lib/ext/sunpkcs11.jar
7fbeb95a9000-7fbeb95aa000 r--s 00002000 08:05 2760812                    /usr/lib/jvm/java-7-openjdk-amd64/jre/lib/ext/dnsns.jar
7fbeb95aa000-7fbeb95b2000 rw-s 00000000 08:05 2228335                    /tmp/hsperfdata_chris/4702
7fbeb95b2000-7fbeb95b3000 rw-p 00000000 00:00 0 
7fbeb95b3000-7fbeb95b4000 ---p 00000000 00:00 0 
7fbeb95b4000-7fbeb95b6000 rw-p 00000000 00:00 0 
7fbeb95b6000-7fbeb95b7000 r--p 00022000 08:05 2890014                    /lib/x86_64-linux-gnu/ld-2.19.so
7fbeb95b7000-7fbeb95b8000 rw-p 00023000 08:05 2890014                    /lib/x86_64-linux-gnu/ld-2.19.so
7fbeb95b8000-7fbeb95b9000 rw-p 00000000 00:00 0 
7fff940e6000-7fff94107000 rw-p 00000000 00:00 0                          [stack]
7fff9416d000-7fff9416f000 r-xp 00000000 00:00 0                          [vdso]
7fff9416f000-7fff94171000 r--p 00000000 00:00 0                          [vvar]
ffffffffff600000-ffffffffff601000 r-xp 00000000 00:00 0                  [vsyscall]

VM Arguments:
jvm_args: -Xmx1024M 
java_command: /home/chris/code/android-studio/android-sdk-linux/build-tools/21.1.1/lib/dx.jar --dex --no-optimize --output /home/chris/code/V-Scan/v_scan/app/build/intermediates/dex/debug --input-list=/home/chris/code/V-Scan/v_scan/app/build/intermediates/tmp/dex/debug/inputList.txt
Launcher Type: SUN_STANDARD

Environment Variables:
CLASSPATH=./../lib/bootstrap.jar:./../lib/extensions.jar:./../lib/util.jar:./../lib/jdom.jar:./../lib/log4j.jar:./../lib/trove4j.jar:./../lib/jna.jar:/usr/lib/jvm/java-7-openjdk-amd64/lib/tools.jar
PATH=/usr/local/sbin:/usr/local/bin:/usr/sbin:/usr/bin:/sbin:/bin:/usr/games:/usr/local/games;JAVA_HOME=/usr/lib/jvm/java-1.7.0-openjdk-i386
LD_LIBRARY_PATH=.:
SHELL=/bin/bash
DISPLAY=:0

Signal Handlers:
SIGSEGV: [libjvm.so+0x94b9a0], sa_mask[0]=0x7ffbfeff, sa_flags=0x10000004
SIGBUS: [libjvm.so+0x94b9a0], sa_mask[0]=0x7ffbfeff, sa_flags=0x10000004
SIGFPE: [libjvm.so+0x7c3880], sa_mask[0]=0x7ffbfeff, sa_flags=0x10000004
SIGPIPE: [libjvm.so+0x7c3880], sa_mask[0]=0x7ffbfeff, sa_flags=0x10000004
SIGXFSZ: [libjvm.so+0x7c3880], sa_mask[0]=0x7ffbfeff, sa_flags=0x10000004
SIGILL: [libjvm.so+0x7c3880], sa_mask[0]=0x7ffbfeff, sa_flags=0x10000004
SIGUSR1: SIG_DFL, sa_mask[0]=0x00000000, sa_flags=0x00000000
SIGUSR2: [libjvm.so+0x7c3720], sa_mask[0]=0x00000004, sa_flags=0x10000004
SIGHUP: [libjvm.so+0x7c3900], sa_mask[0]=0x7ffbfeff, sa_flags=0x10000004
SIGINT: [libjvm.so+0x7c3900], sa_mask[0]=0x7ffbfeff, sa_flags=0x10000004
SIGTERM: [libjvm.so+0x7c3900], sa_mask[0]=0x7ffbfeff, sa_flags=0x10000004
SIGQUIT: [libjvm.so+0x7c3900], sa_mask[0]=0x7ffbfeff, sa_flags=0x10000004
SIGTRAP: SIG_DFL, sa_mask[0]=0x00000000, sa_flags=0x00000000


---------------  S Y S T E M  ---------------

OS:Ubuntu 14.04 (trusty)
uname:Linux 3.16.0-36-generic #48~14.04.1-Ubuntu SMP Wed Apr 15 13:11:28 UTC 2015 x86_64
libc:glibc 2.19 NPTL 2.19 
rlimit: STACK 8192k, CORE 0k, NPROC 15244, NOFILE 4096, AS infinity
load average:2.45 1.43 0.97

/proc/meminfo:
MemTotal:        3932424 kB
MemFree:          123412 kB
MemAvailable:      79276 kB
Buffers:            1448 kB
Cached:           412404 kB
SwapCached:            0 kB
Active:          3258256 kB
Inactive:         347732 kB
Active(anon):    3236564 kB
Inactive(anon):   327992 kB
Active(file):      21692 kB
Inactive(file):    19740 kB
Unevictable:        1032 kB
Mlocked:            1032 kB
SwapTotal:             0 kB
SwapFree:              0 kB
Dirty:               272 kB
Writeback:             0 kB
AnonPages:       3193500 kB
Mapped:           132628 kB
Shmem:            372088 kB
Slab:              83528 kB
SReclaimable:      39240 kB
SUnreclaim:        44288 kB
KernelStack:       10080 kB
PageTables:        47752 kB
NFS_Unstable:          0 kB
Bounce:                0 kB
WritebackTmp:          0 kB
CommitLimit:     1966212 kB
Committed_AS:    8135128 kB
VmallocTotal:   34359738367 kB
VmallocUsed:      544072 kB
VmallocChunk:   34359134112 kB
HardwareCorrupted:     0 kB
AnonHugePages:   1335296 kB
HugePages_Total:       0
HugePages_Free:        0
HugePages_Rsvd:        0
HugePages_Surp:        0
Hugepagesize:       2048 kB
DirectMap4k:       71420 kB
DirectMap2M:     4007936 kB


CPU:total 2 (2 cores per cpu, 1 threads per core) family 6 model 58 stepping 9, cmov, cx8, fxsr, mmx, sse, sse2, sse3, ssse3, sse4.1, sse4.2, popcnt, erms, tsc, tscinvbit, tscinv

/proc/cpuinfo:
processor	: 0
vendor_id	: GenuineIntel
cpu family	: 6
model		: 58
model name	: Intel(R) Pentium(R) CPU 2127U @ 1.90GHz
stepping	: 9
microcode	: 0x17
cpu MHz		: 803.417
cache size	: 2048 KB
physical id	: 0
siblings	: 2
core id		: 0
cpu cores	: 2
apicid		: 0
initial apicid	: 0
fpu		: yes
fpu_exception	: yes
cpuid level	: 13
wp		: yes
flags		: fpu vme de pse tsc msr pae mce cx8 apic sep mtrr pge mca cmov pat pse36 clflush dts acpi mmx fxsr sse sse2 ss ht tm pbe syscall nx rdtscp lm constant_tsc arch_perfmon pebs bts rep_good nopl xtopology nonstop_tsc aperfmperf eagerfpu pni pclmulqdq dtes64 monitor ds_cpl vmx est tm2 ssse3 cx16 xtpr pdcm pcid sse4_1 sse4_2 x2apic popcnt tsc_deadline_timer xsave lahf_lm arat epb xsaveopt pln pts dtherm tpr_shadow vnmi flexpriority ept vpid fsgsbase smep erms
bogomips	: 3791.26
clflush size	: 64
cache_alignment	: 64
address sizes	: 36 bits physical, 48 bits virtual
power management:

processor	: 1
vendor_id	: GenuineIntel
cpu family	: 6
model		: 58
model name	: Intel(R) Pentium(R) CPU 2127U @ 1.90GHz
stepping	: 9
microcode	: 0x17
cpu MHz		: 800.375
cache size	: 2048 KB
physical id	: 0
siblings	: 2
core id		: 1
cpu cores	: 2
apicid		: 2
initial apicid	: 2
fpu		: yes
fpu_exception	: yes
cpuid level	: 13
wp		: yes
flags		: fpu vme de pse tsc msr pae mce cx8 apic sep mtrr pge mca cmov pat pse36 clflush dts acpi mmx fxsr sse sse2 ss ht tm pbe syscall nx rdtscp lm constant_tsc arch_perfmon pebs bts rep_good nopl xtopology nonstop_tsc aperfmperf eagerfpu pni pclmulqdq dtes64 monitor ds_cpl vmx est tm2 ssse3 cx16 xtpr pdcm pcid sse4_1 sse4_2 x2apic popcnt tsc_deadline_timer xsave lahf_lm arat epb xsaveopt pln pts dtherm tpr_shadow vnmi flexpriority ept vpid fsgsbase smep erms
bogomips	: 3791.26
clflush size	: 64
cache_alignment	: 64
address sizes	: 36 bits physical, 48 bits virtual
power management:



Memory: 4k page, physical 3932424k(123288k free), swap 0k(0k free)

vm_info: OpenJDK 64-Bit Server VM (24.79-b02) for linux-amd64 JRE (1.7.0_79-b14), built on Apr 16 2015 08:21:58 by "buildd" with gcc 4.8.2

time: Mon May  4 20:01:51 2015
elapsed time: 9 seconds

